<?xml version="1.0" encoding="UTF-8"?>
<testsuites>
  <testsuite name="fastlane.lanes">
    
    
    
      
      <testcase classname="fastlane.lanes" name="0: cocoapods" time="1.71607">
        
      </testcase>
    
      
      <testcase classname="fastlane.lanes" name="1: git_add" time="0.044149">
        
      </testcase>
    
      
      <testcase classname="fastlane.lanes" name="2: git_commit" time="0.072964">
        
      </testcase>
    
      
      <testcase classname="fastlane.lanes" name="3: push_to_git_remote" time="4.354593">
        
      </testcase>
    
      
      <testcase classname="fastlane.lanes" name="4: git_tag_exists" time="0.013695">
        
      </testcase>
    
      
      <testcase classname="fastlane.lanes" name="5: remove_git_tag" time="3.708322">
        
      </testcase>
    
      
      <testcase classname="fastlane.lanes" name="6: add_git_tag" time="0.024803">
        
      </testcase>
    
      
      <testcase classname="fastlane.lanes" name="7: push_git_tags" time="3.658985">
        
      </testcase>
    
      
      <testcase classname="fastlane.lanes" name="8: pod_lib_lint" time="24.238465">
        
          <failure message="/Library/Ruby/Gems/2.6.0/gems/fastlane-2.199.0/fastlane/lib/fastlane/actions/actions_helper.rb:67:in `execute_action'&#10;/Library/Ruby/Gems/2.6.0/gems/fastlane-2.199.0/fastlane/lib/fastlane/runner.rb:255:in `block in execute_action'&#10;/Library/Ruby/Gems/2.6.0/gems/fastlane-2.199.0/fastlane/lib/fastlane/runner.rb:229:in `chdir'&#10;/Library/Ruby/Gems/2.6.0/gems/fastlane-2.199.0/fastlane/lib/fastlane/runner.rb:229:in `execute_action'&#10;/Library/Ruby/Gems/2.6.0/gems/fastlane-2.199.0/fastlane/lib/fastlane/runner.rb:157:in `trigger_action_by_name'&#10;/Library/Ruby/Gems/2.6.0/gems/fastlane-2.199.0/fastlane/lib/fastlane/fast_file.rb:159:in `method_missing'&#10;Fastfile:62:in `block in parsing_binding'&#10;/Library/Ruby/Gems/2.6.0/gems/fastlane-2.199.0/fastlane/lib/fastlane/lane.rb:33:in `call'&#10;/Library/Ruby/Gems/2.6.0/gems/fastlane-2.199.0/fastlane/lib/fastlane/runner.rb:49:in `block in execute'&#10;/Library/Ruby/Gems/2.6.0/gems/fastlane-2.199.0/fastlane/lib/fastlane/runner.rb:45:in `chdir'&#10;/Library/Ruby/Gems/2.6.0/gems/fastlane-2.199.0/fastlane/lib/fastlane/runner.rb:45:in `execute'&#10;/Library/Ruby/Gems/2.6.0/gems/fastlane-2.199.0/fastlane/lib/fastlane/lane_manager.rb:47:in `cruise_lane'&#10;/Library/Ruby/Gems/2.6.0/gems/fastlane-2.199.0/fastlane/lib/fastlane/command_line_handler.rb:36:in `handle'&#10;/Library/Ruby/Gems/2.6.0/gems/fastlane-2.199.0/fastlane/lib/fastlane/commands_generator.rb:109:in `block (2 levels) in run'&#10;/Library/Ruby/Gems/2.6.0/gems/commander-4.6.0/lib/commander/command.rb:187:in `call'&#10;/Library/Ruby/Gems/2.6.0/gems/commander-4.6.0/lib/commander/command.rb:157:in `run'&#10;/Library/Ruby/Gems/2.6.0/gems/commander-4.6.0/lib/commander/runner.rb:444:in `run_active_command'&#10;/Library/Ruby/Gems/2.6.0/gems/fastlane-2.199.0/fastlane_core/lib/fastlane_core/ui/fastlane_runner.rb:117:in `run!'&#10;/Library/Ruby/Gems/2.6.0/gems/commander-4.6.0/lib/commander/delegates.rb:18:in `run!'&#10;/Library/Ruby/Gems/2.6.0/gems/fastlane-2.199.0/fastlane/lib/fastlane/commands_generator.rb:353:in `run'&#10;/Library/Ruby/Gems/2.6.0/gems/fastlane-2.199.0/fastlane/lib/fastlane/commands_generator.rb:42:in `start'&#10;/Library/Ruby/Gems/2.6.0/gems/fastlane-2.199.0/fastlane/lib/fastlane/cli_tools_distributor.rb:122:in `take_off'&#10;/Library/Ruby/Gems/2.6.0/gems/fastlane-2.199.0/bin/fastlane:23:in `&lt;top (required)&gt;'&#10;/usr/local/bin/fastlane:23:in `load'&#10;/usr/local/bin/fastlane:23:in `&lt;main&gt;'&#10;&#10;Exit status of command 'pod lib lint --allow-warnings' was 1 instead of 0.&#10;&#10; -&gt; JZComponents -&gt; JZComponents (0.1.1)&#10;    - WARN  | source: Git SSH URLs will NOT work for people behind firewalls configured to only allow HTTP, therefore HTTPS is preferred.&#10;    - NOTE  | url: The URL (https://github.com/Jentle/JZComponents) is not reachable.&#10;    - NOTE  | [JZComponents/Public, JZComponents/FoundationExtension, JZComponents/UIKitExtension, and more...] xcodebuild:  note: Using new build system&#10;    - NOTE  | [JZComponents/Public, JZComponents/FoundationExtension, JZComponents/UIKitExtension, and more...] xcodebuild:  note: Using codesigning identity override: -&#10;    - NOTE  | [JZComponents/Public, JZComponents/FoundationExtension, JZComponents/UIKitExtension, and more...] xcodebuild:  note: Build preparation complete&#10;    - NOTE  | [JZComponents/Public, JZComponents/FoundationExtension, JZComponents/UIKitExtension, and more...] xcodebuild:  note: Planning&#10;    - NOTE  | [JZComponents/Public, JZComponents/FoundationExtension, JZComponents/UIKitExtension, and more...] xcodebuild:  note: Building targets in dependency order&#10;    - NOTE  | [JZComponents/FoundationExtension] xcodebuild:  Pods.xcodeproj: warning: The iOS Simulator deployment target 'IPHONEOS_DEPLOYMENT_TARGET' is set to 8.0, but the range of supported deployment target versions is 9.0 to 15.5.99. (in target 'YYModel' from project 'Pods')&#10;    - WARN  | [JZComponents/UIKitExtension] xcodebuild:  /Users/Jentle/Desktop/JZComponents/JZComponents/Components/UIKitExtension/JZUIKitExtension.m:376:18: warning: null passed to a callee that requires a non-null argument [-Wnonnull]&#10;    - WARN  | [JZComponents/FoundationExtension] xcodebuild:  /Users/Jentle/Desktop/JZComponents/JZComponents/Components/FoundationExtension/JZFoundationExtension.h:37:3: warning: '@return' command used in a comment that is attached to a method returning void [-Wdocumentation]&#10;    - WARN  | [JZComponents/FoundationExtension] xcodebuild:  YYModel/YYModel/NSObject+YYModel.h:29:7: warning: '@interface' command should not be used in a comment attached to a non-interface declaration [-Wdocumentation]&#10;    - WARN  | [JZComponents/FoundationExtension] xcodebuild:  YYModel/YYModel/NSObject+YYModel.h:36:7: warning: '@interface' command should not be used in a comment attached to a non-interface declaration [-Wdocumentation]&#10;    - WARN  | [JZComponents/FoundationExtension] xcodebuild:  YYModel/YYModel/NSObject+YYModel.h:54:7: warning: '@interface' command should not be used in a comment attached to a non-interface declaration [-Wdocumentation]&#10;    - WARN  | [JZComponents/FoundationExtension] xcodebuild:  YYModel/YYModel/NSObject+YYModel.h:285:10: warning: '@interface' command should not be used in a comment attached to a non-interface declaration [-Wdocumentation]&#10;    - WARN  | [JZComponents/FoundationExtension] xcodebuild:  YYModel/YYModel/NSObject+YYModel.h:313:10: warning: '@class' command should not be used in a comment attached to a non-class declaration [-Wdocumentation]&#10;    - WARN  | [JZComponents/FoundationExtension] xcodebuild:  YYModel/YYModel/NSObject+YYModel.h:315:10: warning: '@interface' command should not be used in a comment attached to a non-interface declaration [-Wdocumentation]&#10;    - WARN  | [JZComponents/FoundationExtension] xcodebuild:  YYModel/YYModel/NSObject+YYModel.h:343:10: warning: '@class' command should not be used in a comment attached to a non-class declaration [-Wdocumentation]&#10;    - WARN  | [JZComponents/FoundationExtension] xcodebuild:  /Users/Jentle/Library/Developer/Xcode/DerivedData/App-bkgmekmffraabsghlqijhxtbdoef/Build/Products/Release-iphonesimulator/JZComponents/JZComponents.framework/Headers/JZFoundationExtension.h:37:3: warning: '@return' command used in a comment that is attached to a method returning void [-Wdocumentation]&#10;    - ERROR | [iOS] [JZComponents/Public] xcodebuild: Returned an unsuccessful exit code. You can use `--verbose` for more information.&#10;    - NOTE  | [JZComponents/Public] xcodebuild:  Headers/Public/JZComponents/JZComponents.h:8:9: fatal error: 'JZUtility.h' file not found&#10;&#10;[!] JZComponents did not pass validation, due to 1 error.&#10;You can use the `--no-clean` option to inspect any issue.&#10;" />
        
      </testcase>
    
  </testsuite>
</testsuites>
